<?xml version="1.0" encoding="UTF-8"?>
<!-- Generated by org.testng.reporters.JUnitReportReporter -->
<testsuite skipped="0" hostname="DESKTOP-J4L4HJ0" name="com.tests.createCreditTest" tests="1" failures="0" timestamp="12 Nov 2017 22:05:16 GMT" time="47.472" errors="0">
  <testcase name="createCredit" time="47.472" classname="com.tests.createCreditTest"/>
</testsuite> <!-- com.tests.createCreditTest -->
